c:\toysynth\portaudio\portaudio-master\portaudio-master\msvc\x64\debug\vc143.pdb
c:\toysynth\portaudio\portaudio-master\portaudio-master\msvc\x64\debug\vc143.idb
c:\toysynth\portaudio\portaudio-master\portaudio-master\msvc\x64\debug\pa_cpuload.obj
c:\toysynth\portaudio\portaudio-master\portaudio-master\msvc\x64\debug\pa_debugprint.obj
c:\toysynth\portaudio\portaudio-master\portaudio-master\msvc\x64\debug\pa_dither.obj
c:\toysynth\portaudio\portaudio-master\portaudio-master\msvc\x64\debug\pa_front.obj
c:\toysynth\portaudio\portaudio-master\portaudio-master\msvc\x64\debug\pa_process.obj
c:\toysynth\portaudio\portaudio-master\portaudio-master\msvc\x64\debug\pa_ringbuffer.obj
c:\toysynth\portaudio\portaudio-master\portaudio-master\msvc\x64\debug\pa_stream.obj
c:\toysynth\portaudio\portaudio-master\portaudio-master\msvc\x64\debug\pa_trace.obj
c:\toysynth\portaudio\portaudio-master\portaudio-master\msvc\x64\debug\pa_win_ds.obj
c:\toysynth\portaudio\portaudio-master\portaudio-master\msvc\x64\debug\pa_win_ds_dynlink.obj
c:\toysynth\portaudio\portaudio-master\portaudio-master\msvc\x64\debug\pa_hostapi_skeleton.obj
c:\toysynth\portaudio\portaudio-master\portaudio-master\msvc\x64\debug\pa_win_wasapi.obj
c:\toysynth\portaudio\portaudio-master\portaudio-master\msvc\x64\debug\pa_win_wdmks.obj
c:\toysynth\portaudio\portaudio-master\portaudio-master\msvc\x64\debug\pa_win_wmme.obj
c:\toysynth\portaudio\portaudio-master\portaudio-master\msvc\x64\debug\pa_win_coinitialize.obj
c:\toysynth\portaudio\portaudio-master\portaudio-master\msvc\x64\debug\pa_win_hostapis.obj
c:\toysynth\portaudio\portaudio-master\portaudio-master\msvc\x64\debug\pa_win_util.obj
c:\toysynth\portaudio\portaudio-master\portaudio-master\msvc\x64\debug\pa_win_waveformat.obj
c:\toysynth\portaudio\portaudio-master\portaudio-master\msvc\x64\debug\pa_win_wdmks_utils.obj
c:\toysynth\portaudio\portaudio-master\portaudio-master\msvc\x64\debug\pa_x86_plain_converters.obj
c:\toysynth\portaudio\portaudio-master\portaudio-master\msvc\x64\debug\pa_allocation.obj
c:\toysynth\portaudio\portaudio-master\portaudio-master\msvc\x64\debug\pa_converters.obj
c:\toysynth\portaudio\portaudio-master\portaudio-master\msvc\x64\debug\portaudio.ilk
c:\toysynth\portaudio\portaudio-master\portaudio-master\msvc\x64\debug\portaudio_x64.pdb
c:\toysynth\portaudio\portaudio-master\portaudio-master\msvc\x64\debug\portaudio.tlog\cl.command.1.tlog
c:\toysynth\portaudio\portaudio-master\portaudio-master\msvc\x64\debug\portaudio.tlog\cl.read.1.tlog
c:\toysynth\portaudio\portaudio-master\portaudio-master\msvc\x64\debug\portaudio.tlog\cl.write.1.tlog
c:\toysynth\portaudio\portaudio-master\portaudio-master\msvc\x64\debug\portaudio.tlog\link.command.1.tlog
c:\toysynth\portaudio\portaudio-master\portaudio-master\msvc\x64\debug\portaudio.tlog\link.read.1.tlog
c:\toysynth\portaudio\portaudio-master\portaudio-master\msvc\x64\debug\portaudio.tlog\link.read.2.tlog
c:\toysynth\portaudio\portaudio-master\portaudio-master\msvc\x64\debug\portaudio.tlog\link.write.1.tlog
